2018-09-13 01:14:50 +0000  Initial pipeline context: <IDEDistributionProcessingPipelineContext: 0x7fc0b07791a0; archive(resolved)='<IDEArchive: 0x7fc0add91e50>', distributionTask(resolved)='1', distributionMethod(resolved)='<IDEDistributionMethodiOSAppStoreDistribution: 0x7fc0a6510fa0>', team(resolved)='<IDEProvisioningBasicTeam: 0x7fc0acdda0b0; teamID='7U5QAGYBG8', teamName='jianfeng gao'>'>
	Chain (11, self inclusive):
	<IDEDistributionProcessingPipelineContext: 0x7fc0b07791a0; archive = '<IDEArchive: 0x7fc0add91e50>', distributionMethod='<IDEDistributionMethodiOSAppStoreDistribution: 0x7fc0a6510fa0>', team='<IDEProvisioningBasicTeam: 0x7fc0acdda0b0; teamID='7U5QAGYBG8', teamName='jianfeng gao'>'>
	<IDEDistributionProcessingPipelineContext: 0x7fc0a8aa0a50; archive = '<IDEArchive: 0x7fc0add91e50>', distributionMethod='<IDEDistributionMethodiOSAppStoreDistribution: 0x7fc0a6510fa0>', team='<IDEProvisioningBasicTeam: 0x7fc0acdda0b0; teamID='7U5QAGYBG8', teamName='jianfeng gao'>'>
	<IDEDistributionContext: 0x7fc0af07a730; archive = '<IDEArchive: 0x7fc0add91e50>', distributionMethod='<IDEDistributionMethodiOSAppStoreDistribution: 0x7fc0a6510fa0>', team='<IDEProvisioningBasicTeam: 0x7fc0acdda0b0; teamID='7U5QAGYBG8', teamName='jianfeng gao'>'>
	<IDEDistributionContext: 0x7fc0ae409470; archive = '<IDEArchive: 0x7fc0add91e50>', distributionMethod='<IDEDistributionMethodiOSAppStoreDistribution: 0x7fc0a6510fa0>', team='<IDEProvisioningBasicTeam: 0x7fc0acdda0b0; teamID='7U5QAGYBG8', teamName='jianfeng gao'>'>
	<IDEDistributionContext: 0x7fc0af0cbf70; archive = '<IDEArchive: 0x7fc0add91e50>', distributionMethod='<IDEDistributionMethodiOSAppStoreDistribution: 0x7fc0a6510fa0>', team='<IDEProvisioningBasicTeam: 0x7fc0acdda0b0; teamID='7U5QAGYBG8', teamName='jianfeng gao'>'>
	<IDEDistributionContext: 0x7fc0bd72e590; archive = '<IDEArchive: 0x7fc0add91e50>', distributionMethod='<IDEDistributionMethodiOSAppStoreDistribution: 0x7fc0a6510fa0>', team='<IDEProvisioningBasicTeam: 0x7fc0acdda0b0; teamID='7U5QAGYBG8', teamName='jianfeng gao'>'>
	<IDEDistributionContext: 0x7fc0aec0de50; archive = '<IDEArchive: 0x7fc0add91e50>', distributionMethod='<IDEDistributionMethodiOSAppStoreDistribution: 0x7fc0a6510fa0>', team='<IDEProvisioningBasicTeam: 0x7fc0acdda0b0; teamID='7U5QAGYBG8', teamName='jianfeng gao'>'>
	<IDEDistributionContext: 0x7fc0af95d8f0; archive = '<IDEArchive: 0x7fc0add91e50>', distributionMethod='<IDEDistributionMethodiOSAppStoreDistribution: 0x7fc0a6510fa0>', team='<IDEProvisioningBasicTeam: 0x7fc0acdda0b0; teamID='7U5QAGYBG8', teamName='jianfeng gao'>'>
	<IDEDistributionContext: 0x7fc0ceb0d580; archive = '<IDEArchive: 0x7fc0add91e50>', distributionMethod='<IDEDistributionMethodiOSAppStoreDistribution: 0x7fc0a6510fa0>', team='<IDEProvisioningBasicTeam: 0x7fc0acdda0b0; teamID='7U5QAGYBG8', teamName='jianfeng gao'>'>
	<IDEDistributionContext: 0x7fc0af020c30; archive = '<IDEArchive: 0x7fc0add91e50>', distributionMethod='<IDEDistributionMethodiOSAppStoreDistribution: 0x7fc0a6510fa0>', team='<IDEProvisioningBasicTeam: 0x7fc0acdda0b0; teamID='7U5QAGYBG8', teamName='jianfeng gao'>'>
	<IDEDistributionContext: 0x7fc0acad3380; archive = '<IDEArchive: 0x7fc0add91e50>', distributionMethod='(null)', team='(null)'>
</IDEDistributionProcessingPipelineContext: 0x7fc0b07791a0>
2018-09-13 01:14:50 +0000  Processing step: IDEDistributionCreateDestRootStep
2018-09-13 01:14:50 +0000  Processing step: IDEDistributionCopyItemStep
2018-09-13 01:14:50 +0000  Running /usr/bin/ditto '-V' '/Users/app/Library/Developer/Xcode/Archives/2018-09-13/mingxin 2018-9-13 上午9.14.xcarchive/Products/Applications/mingxin.app' '/var/folders/64/zlkb98qs3wd_cg03lqdk6f900000gn/T/XcodeDistPipeline.7nm/Root/Payload/mingxin.app'
2018-09-13 01:14:50 +0000  >>> Copying /Users/app/Library/Developer/Xcode/Archives/2018-09-13/mingxin 2018-9-13 上午9.14.xcarchive/Products/Applications/mingxin.app 
2018-09-13 01:14:50 +0000  copying file ./_CodeSignature/CodeResources ... 
2018-09-13 01:14:50 +0000  13693 bytes for ./_CodeSignature/CodeResources
2018-09-13 01:14:50 +0000  copying file ./AppIcon20x20@2x.png ... 
2018-09-13 01:14:50 +0000  2893 bytes for ./AppIcon20x20@2x.png
2018-09-13 01:14:50 +0000  copying file ./AppIcon20x20@3x.png ... 
2018-09-13 01:14:50 +0000  5664 bytes for ./AppIcon20x20@3x.png
2018-09-13 01:14:50 +0000  copying file ./AppIcon29x29@2x.png ... 
2018-09-13 01:14:50 +0000  5307 bytes for ./AppIcon29x29@2x.png
2018-09-13 01:14:50 +0000  copying file ./AppIcon29x29@3x.png ... 
2018-09-13 01:14:50 +0000  10709 bytes for ./AppIcon29x29@3x.png
2018-09-13 01:14:50 +0000  copying file ./AppIcon40x40@2x.png ... 
2018-09-13 01:14:50 +0000  9236 bytes for ./AppIcon40x40@2x.png
2018-09-13 01:14:50 +0000  copying file ./AppIcon40x40@3x.png ... 
2018-09-13 01:14:50 +0000  19333 bytes for ./AppIcon40x40@3x.png
2018-09-13 01:14:50 +0000  copying file ./AppIcon60x60@2x.png ... 
2018-09-13 01:14:50 +0000  19333 bytes for ./AppIcon60x60@2x.png
2018-09-13 01:14:50 +0000  copying file ./AppIcon60x60@3x.png ... 
2018-09-13 01:14:50 +0000  38289 bytes for ./AppIcon60x60@3x.png
2018-09-13 01:14:50 +0000  copying file ./assets/App/img/loading.gif ... 
2018-09-13 01:14:50 +0000  1787 bytes for ./assets/App/img/loading.gif
2018-09-13 01:14:50 +0000  copying file ./assets/node_modules/react-navigation/src/views/assets/back-icon-mask.png ... 
2018-09-13 01:14:50 +0000  659 bytes for ./assets/node_modules/react-navigation/src/views/assets/back-icon-mask.png
2018-09-13 01:14:50 +0000  copying file ./assets/node_modules/react-navigation/src/views/assets/back-icon.png ... 
2018-09-13 01:14:50 +0000  290 bytes for ./assets/node_modules/react-navigation/src/views/assets/back-icon.png
2018-09-13 01:14:50 +0000  copying file ./assets/node_modules/react-navigation/src/views/assets/back-icon@2x.png ... 
2018-09-13 01:14:50 +0000  373 bytes for ./assets/node_modules/react-navigation/src/views/assets/back-icon@2x.png
2018-09-13 01:14:50 +0000  copying file ./assets/node_modules/react-navigation/src/views/assets/back-icon@3x.png ... 
2018-09-13 01:14:50 +0000  405 bytes for ./assets/node_modules/react-navigation/src/views/assets/back-icon@3x.png
2018-09-13 01:14:50 +0000  copying file ./Assets.car ... 
2018-09-13 01:14:50 +0000  301496 bytes for ./Assets.car
2018-09-13 01:14:50 +0000  copying file ./Base.lproj/LaunchScreen.nib ... 
2018-09-13 01:14:50 +0000  2551 bytes for ./Base.lproj/LaunchScreen.nib
2018-09-13 01:14:50 +0000  copying file ./bundle/assets/App/img/loading.gif ... 
2018-09-13 01:14:50 +0000  1787 bytes for ./bundle/assets/App/img/loading.gif
2018-09-13 01:14:50 +0000  copying file ./bundle/assets/node_modules/react-navigation/src/views/assets/back-icon-mask.png ... 
2018-09-13 01:14:50 +0000  659 bytes for ./bundle/assets/node_modules/react-navigation/src/views/assets/back-icon-mask.png
2018-09-13 01:14:50 +0000  copying file ./bundle/assets/node_modules/react-navigation/src/views/assets/back-icon.png ... 
2018-09-13 01:14:50 +0000  290 bytes for ./bundle/assets/node_modules/react-navigation/src/views/assets/back-icon.png
2018-09-13 01:14:50 +0000  copying file ./bundle/assets/node_modules/react-navigation/src/views/assets/back-icon@2x.png ... 
2018-09-13 01:14:50 +0000  373 bytes for ./bundle/assets/node_modules/react-navigation/src/views/assets/back-icon@2x.png
2018-09-13 01:14:50 +0000  copying file ./bundle/assets/node_modules/react-navigation/src/views/assets/back-icon@3x.png ... 
2018-09-13 01:14:50 +0000  405 bytes for ./bundle/assets/node_modules/react-navigation/src/views/assets/back-icon@3x.png
2018-09-13 01:14:50 +0000  copying file ./bundle/index.ios.jsbundle ... 
2018-09-13 01:14:50 +0000  1190705 bytes for ./bundle/index.ios.jsbundle
copying file ./bundle/index.ios.jsbundle.meta ... 
2018-09-13 01:14:50 +0000  21 bytes for ./bundle/index.ios.jsbundle.meta
copying file ./embedded.mobileprovision ... 
2018-09-13 01:14:50 +0000  7994 bytes for ./embedded.mobileprovision
copying file ./index.ios.jsbundle ... 
2018-09-13 01:14:50 +0000  1190705 bytes for ./index.ios.jsbundle
copying file ./index.ios.jsbundle.meta ... 
2018-09-13 01:14:50 +0000  21 bytes for ./index.ios.jsbundle.meta
copying file ./Info.plist ... 
2217 bytes for ./Info.plist
copying file ./LaunchImage-1100-Portrait-2436h@3x.png ... 
2018-09-13 01:14:50 +0000  184702 bytes for ./LaunchImage-1100-Portrait-2436h@3x.png
copying file ./LaunchImage-568h@2x.png ... 
2018-09-13 01:14:50 +0000  103086 bytes for ./LaunchImage-568h@2x.png
copying file ./LaunchImage-700-568h@2x.png ... 
2018-09-13 01:14:50 +0000  103086 bytes for ./LaunchImage-700-568h@2x.png
2018-09-13 01:14:50 +0000  copying file ./LaunchImage-700@2x.png ... 
2018-09-13 01:14:50 +0000  100306 bytes for ./LaunchImage-700@2x.png
copying file ./LaunchImage-800-667h@2x.png ... 
2018-09-13 01:14:50 +0000  105589 bytes for ./LaunchImage-800-667h@2x.png
2018-09-13 01:14:50 +0000  copying file ./LaunchImage-800-Portrait-736h@3x.png ... 
2018-09-13 01:14:50 +0000  185450 bytes for ./LaunchImage-800-Portrait-736h@3x.png
copying file ./LaunchImage.png ... 
2018-09-13 01:14:50 +0000  40371 bytes for ./LaunchImage.png
copying file ./LaunchImage@2x.png ... 
100306 bytes for ./LaunchImage@2x.png
2018-09-13 01:14:50 +0000  copying file ./main.jsbundle ... 
2018-09-13 01:14:50 +0000  1190705 bytes for ./main.jsbundle
2018-09-13 01:14:50 +0000  copying file ./main.jsbundle.meta ... 
2018-09-13 01:14:50 +0000  21 bytes for ./main.jsbundle.meta
copying file ./mingxin ... 
2018-09-13 01:14:50 +0000  20976624 bytes for ./mingxin
copying file ./PkgInfo ... 
2018-09-13 01:14:50 +0000  8 bytes for ./PkgInfo
2018-09-13 01:14:50 +0000  
2018-09-13 01:14:50 +0000  
2018-09-13 01:14:50 +0000  /usr/bin/ditto exited with 02018-09-13 01:14:50 +0000  

2018-09-13 01:14:50 +0000  
2018-09-13 01:14:50 +0000  Processing step: IDEDistributionEmbedProfileStep
2018-09-13 01:14:50 +0000  Processing step: IDEDistributionItemRemovalStep
2018-09-13 01:14:50 +0000  Processing step: IDEDistributionAppThinningPlistStep
2018-09-13 01:14:50 +0000  Skipping step: IDEDistributionAppThinningPlistStep because it said so
2018-09-13 01:14:50 +0000  Processing step: IDEDistributionCompileBitcodeStep
2018-09-13 01:14:50 +0000  Skipping step: IDEDistributionCompileBitcodeStep because it said so
2018-09-13 01:14:50 +0000  Processing step: IDEDistributionCodeSlimmingStep
2018-09-13 01:14:50 +0000  Processing step: IDEDistributionCopyBCSymbolMapsStep
2018-09-13 01:14:51 +0000  Running /usr/bin/ditto '-V' '/Users/app/Library/Developer/Xcode/Archives/2018-09-13/mingxin 2018-9-13 上午9.14.xcarchive/BCSymbolMaps/A4F52811-C2C1-3BD2-BE45-A195AA44756A.bcsymbolmap' '/var/folders/64/zlkb98qs3wd_cg03lqdk6f900000gn/T/XcodeDistPipeline.7nm/Root/BCSymbolMaps/A4F52811-C2C1-3BD2-BE45-A195AA44756A.bcsymbolmap'
2018-09-13 01:14:51 +0000  >>> Copying /Users/app/Library/Developer/Xcode/Archives/2018-09-13/mingxin 2018-9-13 上午9.14.xcarchive/BCSymbolMaps/A4F52811-C2C1-3BD2-BE45-A195AA44756A.bcsymbolmap 
2018-09-13 01:14:51 +0000  copying file ./A4F52811-C2C1-3BD2-BE45-A195AA44756A.bcsymbolmap ... 
2018-09-13 01:14:51 +0000  379059 bytes for ./A4F52811-C2C1-3BD2-BE45-A195AA44756A.bcsymbolmap
2018-09-13 01:14:51 +0000  
2018-09-13 01:14:51 +0000  
2018-09-13 01:14:51 +0000  /usr/bin/ditto exited with 02018-09-13 01:14:51 +0000  

2018-09-13 01:14:51 +0000  
2018-09-13 01:14:51 +0000  Running /usr/bin/ditto '-V' '/Users/app/Library/Developer/Xcode/Archives/2018-09-13/mingxin 2018-9-13 上午9.14.xcarchive/BCSymbolMaps/002EB8F7-2596-33A3-92E7-B041F6F1C8B7.bcsymbolmap' '/var/folders/64/zlkb98qs3wd_cg03lqdk6f900000gn/T/XcodeDistPipeline.7nm/Root/BCSymbolMaps/002EB8F7-2596-33A3-92E7-B041F6F1C8B7.bcsymbolmap'
2018-09-13 01:14:51 +0000  >>> Copying /Users/app/Library/Developer/Xcode/Archives/2018-09-13/mingxin 2018-9-13 上午9.14.xcarchive/BCSymbolMaps/002EB8F7-2596-33A3-92E7-B041F6F1C8B7.bcsymbolmap 
2018-09-13 01:14:51 +0000  copying file ./002EB8F7-2596-33A3-92E7-B041F6F1C8B7.bcsymbolmap ... 
2018-09-13 01:14:51 +0000  378876 bytes for ./002EB8F7-2596-33A3-92E7-B041F6F1C8B7.bcsymbolmap
2018-09-13 01:14:51 +0000  
2018-09-13 01:14:51 +0000  2018-09-13 01:14:51 +0000  /usr/bin/ditto exited with 0

2018-09-13 01:14:51 +0000  
2018-09-13 01:14:51 +0000  Processing step: IDEDistributionSymbolsStep
2018-09-13 01:14:51 +0000  Excluding symbols for mingxin.app
2018-09-13 01:14:51 +0000  Processing step: IDEDistributionCopyAppleProvidedContentStep
2018-09-13 01:14:51 +0000  Processing step: IDEDistributionAppThinningStep
2018-09-13 01:14:51 +0000  Skipping step: IDEDistributionAppThinningStep because it said so
2018-09-13 01:14:51 +0000  Processing step: IDEDistributionODRStep
2018-09-13 01:14:51 +0000  Processing step: IDEDistributionStripXattrsStep
2018-09-13 01:14:51 +0000  Running /usr/bin/xattr '-crs' '/var/folders/64/zlkb98qs3wd_cg03lqdk6f900000gn/T/XcodeDistPipeline.7nm/Root/Payload/mingxin.app'
2018-09-13 01:14:51 +0000  2018-09-13 01:14:51 +0000  

2018-09-13 01:14:51 +0000  /usr/bin/xattr exited with 02018-09-13 01:14:51 +0000  

2018-09-13 01:14:51 +0000  
2018-09-13 01:14:51 +0000  Processing step: IDEDistributionCodesignStep
2018-09-13 01:14:51 +0000  Entitlements for <IDEDistributionItem: 0x7fc0af46da90 'org.mingxin' '<DVTFilePath:0x7fc0a848ea40:'/Users/app/Library/Developer/Xcode/Archives/2018-09-13/mingxin 2018-9-13 上午9.14.xcarchive/Products/Applications/mingxin.app'>'>: {
    "application-identifier" = "7U5QAGYBG8.org.mingxin";
    "beta-reports-active" = 1;
    "com.apple.developer.team-identifier" = 7U5QAGYBG8;
    "get-task-allow" = 0;
    "keychain-access-groups" =     (
        "7U5QAGYBG8.org.mingxin"
    );
}
2018-09-13 01:14:51 +0000  Writing entitlements for <IDEDistributionItem: 0x7fc0af46da90 'org.mingxin' '<DVTFilePath:0x7fc0a848ea40:'/Users/app/Library/Developer/Xcode/Archives/2018-09-13/mingxin 2018-9-13 上午9.14.xcarchive/Products/Applications/mingxin.app'>'> to: /var/folders/64/zlkb98qs3wd_cg03lqdk6f900000gn/T/XcodeDistPipeline.7nm/entitlements8302PI
2018-09-13 01:14:51 +0000  Running /usr/bin/codesign '-vvv' '--force' '--sign' '4B2D18F9F1FBC12C5268D749D96868003925D082' '--preserve-metadata=identifier,flags' '--entitlements' '/var/folders/64/zlkb98qs3wd_cg03lqdk6f900000gn/T/XcodeDistPipeline.7nm/entitlements8302PI' '/var/folders/64/zlkb98qs3wd_cg03lqdk6f900000gn/T/XcodeDistPipeline.7nm/Root/Payload/mingxin.app'
2018-09-13 01:14:52 +0000  /var/folders/64/zlkb98qs3wd_cg03lqdk6f900000gn/T/XcodeDistPipeline.7nm/Root/Payload/mingxin.app: signed app bundle with Mach-O universal (armv7 arm64) [org.mingxin]
2018-09-13 01:14:52 +0000  
2018-09-13 01:14:52 +0000  
2018-09-13 01:14:52 +0000  /usr/bin/codesign exited with 02018-09-13 01:14:52 +0000  

2018-09-13 01:14:52 +0000  
2018-09-13 01:14:52 +0000  Processing step: IDEDistributionStreamingZipItemStep
2018-09-13 01:14:52 +0000  Skipping step: IDEDistributionStreamingZipItemStep because it said so
2018-09-13 01:14:52 +0000  Processing step: IDEDistributionCreateIPAStep
2018-09-13 01:14:52 +0000  Running /usr/bin/ditto '-V' '-c' '-k' '--norsrc' '/var/folders/64/zlkb98qs3wd_cg03lqdk6f900000gn/T/XcodeDistPipeline.7nm/Root' '/var/folders/64/zlkb98qs3wd_cg03lqdk6f900000gn/T/XcodeDistPipeline.7nm/Packages/mingxin.ipa'
2018-09-13 01:14:52 +0000  >>> Copying /var/folders/64/zlkb98qs3wd_cg03lqdk6f900000gn/T/XcodeDistPipeline.7nm/Root 
2018-09-13 01:14:52 +0000  
2018-09-13 01:14:52 +0000  copying file ./BCSymbolMaps/002EB8F7-2596-33A3-92E7-B041F6F1C8B7.bcsymbolmap ... 
2018-09-13 01:14:52 +0000  378876 bytes for ./BCSymbolMaps/002EB8F7-2596-33A3-92E7-B041F6F1C8B7.bcsymbolmap
copying file ./BCSymbolMaps/A4F52811-C2C1-3BD2-BE45-A195AA44756A.bcsymbolmap ... 
2018-09-13 01:14:52 +0000  379059 bytes for ./BCSymbolMaps/A4F52811-C2C1-3BD2-BE45-A195AA44756A.bcsymbolmap
2018-09-13 01:14:52 +0000  copying file ./Payload/mingxin.app/_CodeSignature/CodeResources ... 
2018-09-13 01:14:52 +0000  13693 bytes for ./Payload/mingxin.app/_CodeSignature/CodeResources
2018-09-13 01:14:52 +0000  copying file ./Payload/mingxin.app/AppIcon20x20@2x.png ... 
2018-09-13 01:14:52 +0000  2893 bytes for ./Payload/mingxin.app/AppIcon20x20@2x.png
copying file ./Payload/mingxin.app/AppIcon20x20@3x.png ... 
2018-09-13 01:14:52 +0000  5664 bytes for ./Payload/mingxin.app/AppIcon20x20@3x.png
2018-09-13 01:14:52 +0000  copying file ./Payload/mingxin.app/AppIcon29x29@2x.png ... 
2018-09-13 01:14:52 +0000  5307 bytes for ./Payload/mingxin.app/AppIcon29x29@2x.png
copying file ./Payload/mingxin.app/AppIcon29x29@3x.png ... 
2018-09-13 01:14:52 +0000  10709 bytes for ./Payload/mingxin.app/AppIcon29x29@3x.png
copying file ./Payload/mingxin.app/AppIcon40x40@2x.png ... 
2018-09-13 01:14:52 +0000  9236 bytes for ./Payload/mingxin.app/AppIcon40x40@2x.png
copying file ./Payload/mingxin.app/AppIcon40x40@3x.png ... 
2018-09-13 01:14:52 +0000  19333 bytes for ./Payload/mingxin.app/AppIcon40x40@3x.png
2018-09-13 01:14:52 +0000  copying file ./Payload/mingxin.app/AppIcon60x60@2x.png ... 
2018-09-13 01:14:52 +0000  19333 bytes for ./Payload/mingxin.app/AppIcon60x60@2x.png
2018-09-13 01:14:52 +0000  copying file ./Payload/mingxin.app/AppIcon60x60@3x.png ... 
2018-09-13 01:14:52 +0000  38289 bytes for ./Payload/mingxin.app/AppIcon60x60@3x.png
2018-09-13 01:14:52 +0000  copying file ./Payload/mingxin.app/assets/App/img/loading.gif ... 
2018-09-13 01:14:52 +0000  1787 bytes for ./Payload/mingxin.app/assets/App/img/loading.gif
2018-09-13 01:14:52 +0000  copying file ./Payload/mingxin.app/assets/node_modules/react-navigation/src/views/assets/back-icon-mask.png ... 
2018-09-13 01:14:52 +0000  659 bytes for ./Payload/mingxin.app/assets/node_modules/react-navigation/src/views/assets/back-icon-mask.png
copying file ./Payload/mingxin.app/assets/node_modules/react-navigation/src/views/assets/back-icon.png ... 
2018-09-13 01:14:52 +0000  290 bytes for ./Payload/mingxin.app/assets/node_modules/react-navigation/src/views/assets/back-icon.png
copying file ./Payload/mingxin.app/assets/node_modules/react-navigation/src/views/assets/back-icon@2x.png ... 
373 bytes for ./Payload/mingxin.app/assets/node_modules/react-navigation/src/views/assets/back-icon@2x.png
copying file ./Payload/mingxin.app/assets/node_modules/react-navigation/src/views/assets/back-icon@3x.png ... 
2018-09-13 01:14:52 +0000  405 bytes for ./Payload/mingxin.app/assets/node_modules/react-navigation/src/views/assets/back-icon@3x.png
2018-09-13 01:14:52 +0000  copying file ./Payload/mingxin.app/Assets.car ... 
2018-09-13 01:14:52 +0000  301496 bytes for ./Payload/mingxin.app/Assets.car
2018-09-13 01:14:52 +0000  copying file ./Payload/mingxin.app/Base.lproj/LaunchScreen.nib ... 
2018-09-13 01:14:52 +0000  2551 bytes for ./Payload/mingxin.app/Base.lproj/LaunchScreen.nib
2018-09-13 01:14:52 +0000  copying file ./Payload/mingxin.app/bundle/assets/App/img/loading.gif ... 
2018-09-13 01:14:52 +0000  1787 bytes for ./Payload/mingxin.app/bundle/assets/App/img/loading.gif
copying file ./Payload/mingxin.app/bundle/assets/node_modules/react-navigation/src/views/assets/back-icon-mask.png ... 
659 bytes for ./Payload/mingxin.app/bundle/assets/node_modules/react-navigation/src/views/assets/back-icon-mask.png
copying file ./Payload/mingxin.app/bundle/assets/node_modules/react-navigation/src/views/assets/back-icon.png ... 
290 bytes for ./Payload/mingxin.app/bundle/assets/node_modules/react-navigation/src/views/assets/back-icon.png
copying file ./Payload/mingxin.app/bundle/assets/node_modules/react-navigation/src/views/assets/back-icon@2x.png ... 
2018-09-13 01:14:52 +0000  373 bytes for ./Payload/mingxin.app/bundle/assets/node_modules/react-navigation/src/views/assets/back-icon@2x.png
copying file ./Payload/mingxin.app/bundle/assets/node_modules/react-navigation/src/views/assets/back-icon@3x.png ... 
405 bytes for ./Payload/mingxin.app/bundle/assets/node_modules/react-navigation/src/views/assets/back-icon@3x.png
2018-09-13 01:14:52 +0000  copying file ./Payload/mingxin.app/bundle/index.ios.jsbundle ... 
2018-09-13 01:14:52 +0000  1190705 bytes for ./Payload/mingxin.app/bundle/index.ios.jsbundle
copying file ./Payload/mingxin.app/bundle/index.ios.jsbundle.meta ... 
2018-09-13 01:14:52 +0000  21 bytes for ./Payload/mingxin.app/bundle/index.ios.jsbundle.meta
copying file ./Payload/mingxin.app/embedded.mobileprovision ... 
2018-09-13 01:14:52 +0000  7818 bytes for ./Payload/mingxin.app/embedded.mobileprovision
copying file ./Payload/mingxin.app/index.ios.jsbundle ... 
2018-09-13 01:14:52 +0000  1190705 bytes for ./Payload/mingxin.app/index.ios.jsbundle
2018-09-13 01:14:52 +0000  copying file ./Payload/mingxin.app/index.ios.jsbundle.meta ... 
21 bytes for ./Payload/mingxin.app/index.ios.jsbundle.meta
copying file ./Payload/mingxin.app/Info.plist ... 
2018-09-13 01:14:52 +0000  2217 bytes for ./Payload/mingxin.app/Info.plist
copying file ./Payload/mingxin.app/LaunchImage-1100-Portrait-2436h@3x.png ... 
2018-09-13 01:14:52 +0000  184702 bytes for ./Payload/mingxin.app/LaunchImage-1100-Portrait-2436h@3x.png
copying file ./Payload/mingxin.app/LaunchImage-568h@2x.png ... 
2018-09-13 01:14:52 +0000  103086 bytes for ./Payload/mingxin.app/LaunchImage-568h@2x.png
copying file ./Payload/mingxin.app/LaunchImage-700-568h@2x.png ... 
2018-09-13 01:14:52 +0000  103086 bytes for ./Payload/mingxin.app/LaunchImage-700-568h@2x.png
copying file ./Payload/mingxin.app/LaunchImage-700@2x.png ... 
2018-09-13 01:14:52 +0000  100306 bytes for ./Payload/mingxin.app/LaunchImage-700@2x.png
2018-09-13 01:14:52 +0000  copying file ./Payload/mingxin.app/LaunchImage-800-667h@2x.png ... 
2018-09-13 01:14:52 +0000  105589 bytes for ./Payload/mingxin.app/LaunchImage-800-667h@2x.png
copying file ./Payload/mingxin.app/LaunchImage-800-Portrait-736h@3x.png ... 
2018-09-13 01:14:52 +0000  185450 bytes for ./Payload/mingxin.app/LaunchImage-800-Portrait-736h@3x.png
copying file ./Payload/mingxin.app/LaunchImage.png ... 
2018-09-13 01:14:52 +0000  40371 bytes for ./Payload/mingxin.app/LaunchImage.png
2018-09-13 01:14:52 +0000  copying file ./Payload/mingxin.app/LaunchImage@2x.png ... 
2018-09-13 01:14:52 +0000  100306 bytes for ./Payload/mingxin.app/LaunchImage@2x.png
2018-09-13 01:14:52 +0000  copying file ./Payload/mingxin.app/main.jsbundle ... 
2018-09-13 01:14:52 +0000  1190705 bytes for ./Payload/mingxin.app/main.jsbundle
2018-09-13 01:14:52 +0000  copying file ./Payload/mingxin.app/main.jsbundle.meta ... 
21 bytes for ./Payload/mingxin.app/main.jsbundle.meta
copying file ./Payload/mingxin.app/mingxin ... 
2018-09-13 01:14:53 +0000  17929200 bytes for ./Payload/mingxin.app/mingxin
copying file ./Payload/mingxin.app/PkgInfo ... 
2018-09-13 01:14:53 +0000  8 bytes for ./Payload/mingxin.app/PkgInfo
2018-09-13 01:14:53 +0000  2018-09-13 01:14:53 +0000  
2018-09-13 01:14:53 +0000  /usr/bin/ditto exited with 0

2018-09-13 01:14:53 +0000  2018-09-13 01:14:53 +0000  Processing step: IDEDistributionCreateManifestStep

2018-09-13 01:14:53 +0000  Skipping step: IDEDistributionCreateManifestStep because it said so
